<?xml version="1.0" encoding="UTF-8"?>
<testsuite xmlns:xsi="http://www.w3.org/2001/XMLSchema-instance" xsi:noNamespaceSchemaLocation="https://maven.apache.org/surefire/maven-surefire-plugin/xsd/surefire-test-report-3.0.xsd" version="3.0" name="services.ToDoServiceTest" time="0.654" tests="6" errors="0" skipped="0" failures="0">
  <properties>
[...]
</properties>
  <testcase name="createTodoGreaterThan20Test" classname="services.ToDoServiceTest" time="0.031"/>
  <testcase name="getOneTodoTest" classname="services.ToDoServiceTest" time="0.029"/>
  <testcase name="completeTodoTest" classname="services.ToDoServiceTest" time="0.01">
    <system-out><![CDATA[Todo id: 1 has been completed
]]></system-out>
  </testcase>
  <testcase name="deleteTodoTest" classname="services.ToDoServiceTest" time="0.001"/>
  <testcase name="createTodoLessThanOrEqualTo20Test" classname="services.ToDoServiceTest" time="0.002"/>
  <testcase name="getAllTodosTest" classname="services.ToDoServiceTest" time="0.001"/>
</testsuite>